[debug] [2025-05-13T19:45:54.203Z] ----------------------------------------------------------------------
[debug] [2025-05-13T19:45:54.206Z] Command:       C:\Program Files\nodejs\node.exe C:\Users\User\AppData\Roaming\npm\node_modules\firebase-tools\lib\bin\firebase.js deploy
[debug] [2025-05-13T19:45:54.206Z] CLI Version:   14.3.1
[debug] [2025-05-13T19:45:54.206Z] Platform:      win32
[debug] [2025-05-13T19:45:54.206Z] Node Version:  v20.13.1
[debug] [2025-05-13T19:45:54.206Z] Time:          Wed May 14 2025 01:15:54 GMT+0530 (India Standard Time)
[debug] [2025-05-13T19:45:54.206Z] ----------------------------------------------------------------------
[debug] 
[debug] [2025-05-13T19:45:54.476Z] > command requires scopes: ["email","openid","https://www.googleapis.com/auth/cloudplatformprojects.readonly","https://www.googleapis.com/auth/firebase","https://www.googleapis.com/auth/cloud-platform"]
[debug] [2025-05-13T19:45:54.477Z] > authorizing via signed-in user (saikingstyle@gmail.com)
[debug] [2025-05-13T19:45:54.477Z] [iam] checking project primecontentfe for permissions ["firebase.projects.get","firebasehosting.sites.update"]
[debug] [2025-05-13T19:45:54.478Z] Checked if tokens are valid: true, expires at: 1747168706612
[debug] [2025-05-13T19:45:54.478Z] Checked if tokens are valid: true, expires at: 1747168706612
[debug] [2025-05-13T19:45:54.479Z] >>> [apiv2][query] POST https://cloudresourcemanager.googleapis.com/v1/projects/primecontentfe:testIamPermissions [none]
[debug] [2025-05-13T19:45:54.479Z] >>> [apiv2][(partial)header] POST https://cloudresourcemanager.googleapis.com/v1/projects/primecontentfe:testIamPermissions x-goog-quota-user=projects/primecontentfe
[debug] [2025-05-13T19:45:54.479Z] >>> [apiv2][body] POST https://cloudresourcemanager.googleapis.com/v1/projects/primecontentfe:testIamPermissions {"permissions":["firebase.projects.get","firebasehosting.sites.update"]}
[debug] [2025-05-13T19:46:05.880Z] *** [apiv2] error from fetch(https://cloudresourcemanager.googleapis.com/v1/projects/primecontentfe:testIamPermissions, {"headers":{},"method":"POST","body":"{\"permissions\":[\"firebase.projects.get\",\"firebasehosting.sites.update\"]}"}): FetchError: request to https://cloudresourcemanager.googleapis.com/v1/projects/primecontentfe:testIamPermissions failed, reason: getaddrinfo ENOTFOUND cloudresourcemanager.googleapis.com
[debug] [2025-05-13T19:46:05.881Z] [iam] error while checking permissions, command may fail: Failed to make request to https://cloudresourcemanager.googleapis.com/v1/projects/primecontentfe:testIamPermissions
[debug] [2025-05-13T19:46:05.881Z] Checked if tokens are valid: true, expires at: 1747168706612
[debug] [2025-05-13T19:46:05.882Z] Checked if tokens are valid: true, expires at: 1747168706612
[debug] [2025-05-13T19:46:05.882Z] >>> [apiv2][query] GET https://firebase.googleapis.com/v1beta1/projects/primecontentfe [none]
[debug] [2025-05-13T19:46:17.268Z] *** [apiv2] error from fetch(https://firebase.googleapis.com/v1beta1/projects/primecontentfe, {"headers":{},"method":"GET","signal":{}}): FetchError: request to https://firebase.googleapis.com/v1beta1/projects/primecontentfe failed, reason: getaddrinfo ENOTFOUND firebase.googleapis.com
[debug] [2025-05-13T19:46:17.269Z] Failed to make request to https://firebase.googleapis.com/v1beta1/projects/primecontentfe (original: request to https://firebase.googleapis.com/v1beta1/projects/primecontentfe failed, reason: getaddrinfo ENOTFOUND firebase.googleapis.com)
[error] 
[error] Error: Assertion failed: resolving hosting target of a site with no site name or target name. This should have caused an error earlier
